[18:02:51] [main/INFO] [LaunchWrapper]: Loading tweak class name net.minecraftforge.fml.common.launcher.FMLTweaker
[18:02:51] [main/INFO] [LaunchWrapper]: Using primary tweak class name net.minecraftforge.fml.common.launcher.FMLTweaker
[18:02:51] [main/INFO] [LaunchWrapper]: Calling tweak class net.minecraftforge.fml.common.launcher.FMLTweaker
[18:02:51] [main/INFO] [FML]: Forge Mod Loader version 14.23.5.2860 for Minecraft 1.12.2 loading
[18:02:51] [main/INFO] [FML]: Java is OpenJDK 64-Bit Server VM, version 1.8.0_392, running on Mac OS X:x86_64:13.6.1, installed at /Library/Java/JavaVirtualMachines/temurin-8.jdk/Contents/Home/jre
[18:02:51] [main/ERROR] [FML]: Apache Maven library folder was not in the format expected. Using default libraries directory.
[18:02:51] [main/ERROR] [FML]: Full: /Users/ariv/.gradle/caches/modules-2/files-2.1/org.apache.maven/maven-artifact/3.5.3/7dc72b6d6d8a6dced3d294ed54c2cc3515ade9f4/maven-artifact-3.5.3.jar
[18:02:51] [main/ERROR] [FML]: Trimmed: /users/ariv/.gradle/caches/modules-2/files-2.1/org.apache.maven/maven-artifact/3.5.3/
[18:02:51] [main/INFO] [FML]: Managed to load a deobfuscated Minecraft name- we are in a deobfuscated environment. Skipping runtime deobfuscation
[18:02:51] [main/INFO] [FML]: Detected deobfuscated environment, loading log configs for colored console logs.
[18:02:52] [main/INFO] [FML]: Ignoring missing certificate for coremod FMLCorePlugin (net.minecraftforge.fml.relauncher.FMLCorePlugin), we are in deobf and it's a forge core plugin
[18:02:52] [main/INFO] [FML]: Ignoring missing certificate for coremod FMLForgePlugin (net.minecraftforge.classloading.FMLForgePlugin), we are in deobf and it's a forge core plugin
[18:02:52] [main/INFO] [FML]: Searching /Users/ariv/Documents/GitHub/fruitmod/run/./mods for mods
[18:02:52] [main/INFO] [LaunchWrapper]: Loading tweak class name net.minecraftforge.fml.common.launcher.FMLInjectionAndSortingTweaker
[18:02:52] [main/INFO] [LaunchWrapper]: Loading tweak class name net.minecraftforge.fml.common.launcher.FMLDeobfTweaker
[18:02:52] [main/INFO] [LaunchWrapper]: Calling tweak class net.minecraftforge.fml.common.launcher.FMLInjectionAndSortingTweaker
[18:02:52] [main/INFO] [LaunchWrapper]: Calling tweak class net.minecraftforge.fml.common.launcher.FMLInjectionAndSortingTweaker
[18:02:52] [main/INFO] [LaunchWrapper]: Calling tweak class net.minecraftforge.fml.relauncher.CoreModManager$FMLPluginWrapper
[18:02:55] [main/ERROR] [FML]: FML appears to be missing any signature data. This is not a good thing
[18:02:55] [main/INFO] [LaunchWrapper]: Calling tweak class net.minecraftforge.fml.relauncher.CoreModManager$FMLPluginWrapper
[18:02:55] [main/INFO] [LaunchWrapper]: Calling tweak class net.minecraftforge.fml.common.launcher.FMLDeobfTweaker
[18:02:55] [main/INFO] [LaunchWrapper]: Loading tweak class name net.minecraftforge.fml.common.launcher.TerminalTweaker
[18:02:55] [main/INFO] [LaunchWrapper]: Calling tweak class net.minecraftforge.fml.common.launcher.TerminalTweaker
[18:02:55] [main/INFO] [LaunchWrapper]: Launching wrapped minecraft {net.minecraft.client.main.Main}
[18:02:57] [Client thread/INFO] [net.minecraft.client.Minecraft]: Setting user: Player339
[18:03:02] [Client thread/INFO] [net.minecraft.client.Minecraft]: LWJGL Version: 2.9.2
